07:43:21 **** Incremental Build of configuration Debug for project ADC_chainconversion ****
make all 
Building file: ../PORT_prog.c
Invoking: AVR Compiler
avr-gcc -Wall -g2 -gstabs -O0 -fpack-struct -fshort-enums -ffunction-sections -fdata-sections -std=gnu99 -funsigned-char -funsigned-bitfields -mmcu=atmega32 -DF_CPU=8000000UL -MMD -MP -MF"PORT_prog.d" -MT"PORT_prog.o" -c -o "PORT_prog.o" "../PORT_prog.c"
Finished building: ../PORT_prog.c
 
Building target: ADC_chainconversion.elf
Invoking: AVR C Linker
avr-gcc -Wl,-Map,ADC_chainconversion.map -mmcu=atmega32 -o "ADC_chainconversion.elf"  ./ADC_prog.o ./CLCD_prog.o ./DIO_prog.o ./GIE_prog.o ./PORT_prog.o ./main.o   
Finished building target: ADC_chainconversion.elf
 
Invoking: AVR Create Extended Listing
avr-objdump -h -S ADC_chainconversion.elf  >"ADC_chainconversion.lss"
Finished building: ADC_chainconversion.lss
 
Create Flash image (ihex format)
avr-objcopy -R .eeprom -R .fuse -R .lock -R .signature -O ihex ADC_chainconversion.elf  "ADC_chainconversion.hex"
Finished building: ADC_chainconversion.hex
 
Invoking: Print Size
avr-size --format=avr --mcu=atmega32 ADC_chainconversion.elf
AVR Memory Usage
----------------
Device: atmega32

Program:   10754 bytes (32.8% Full)
(.text + .data + .bootloader)

Data:        302 bytes (14.7% Full)
(.data + .bss + .noinit)


Finished building: sizedummy
 

07:43:23 Build Finished (took 1s.713ms)

