22:34:43 **** Incremental Build of configuration Debug for project BUZZER ****
make all 
Building file: ../main.c
Invoking: AVR Compiler
avr-gcc -Wall -g2 -gstabs -O0 -fpack-struct -fshort-enums -ffunction-sections -fdata-sections -std=gnu99 -funsigned-char -funsigned-bitfields -mmcu=atmega32 -DF_CPU=8000000UL -MMD -MP -MF"main.d" -MT"main.o" -c -o "main.o" "../main.c"
In file included from ../main.c:10:
d:/sdk_win_64/sdk_win_64/sdk_win_64/winavr/lib/gcc/../../avr/include/util/delay.h:90:3: warning: #warning "Compiler optimizations disabled; functions from <util/delay.h> won't work as designed"
../main.c:16: warning: return type of 'main' is not 'int'
Finished building: ../main.c
 
Building target: BUZZER.elf
Invoking: AVR C Linker
avr-gcc -Wl,-Map,BUZZER.map -mmcu=atmega32 -o "BUZZER.elf"  ./DIO_prog.o ./GIE_prog.o ./PORT_prog.o ./main.o   
Finished building target: BUZZER.elf
 
Invoking: AVR Create Extended Listing
avr-objdump -h -S BUZZER.elf  >"BUZZER.lss"
Finished building: BUZZER.lss
 
Create Flash image (ihex format)
avr-objcopy -R .eeprom -R .fuse -R .lock -R .signature -O ihex BUZZER.elf  "BUZZER.hex"
Finished building: BUZZER.hex
 
Invoking: Print Size
avr-size --format=avr --mcu=atmega32 BUZZER.elf
AVR Memory Usage
----------------
Device: atmega32

Program:    5426 bytes (16.6% Full)
(.text + .data + .bootloader)

Data:          8 bytes (0.4% Full)
(.data + .bss + .noinit)


Finished building: sizedummy
 

22:34:43 Build Finished (took 664ms)

