19:06:30 **** Incremental Build of configuration Debug for project LM35 ****
make all 
Building file: ../main.c
Invoking: AVR Compiler
avr-gcc -Wall -g2 -gstabs -O0 -fpack-struct -fshort-enums -ffunction-sections -fdata-sections -std=gnu99 -funsigned-char -funsigned-bitfields -mmcu=atmega32 -DF_CPU=8000000UL -MMD -MP -MF"main.d" -MT"main.o" -c -o "main.o" "../main.c"
In file included from ../main.c:10:
d:/sdk_win_64/sdk_win_64/sdk_win_64/winavr/lib/gcc/../../avr/include/util/delay.h:90:3: warning: #warning "Compiler optimizations disabled; functions from <util/delay.h> won't work as designed"
../main.c:14: warning: return type of 'main' is not 'int'
Finished building: ../main.c
 
Building target: LM35.elf
Invoking: AVR C Linker
avr-gcc -Wl,-Map,LM35.map -mmcu=atmega32 -o "LM35.elf"  ./ADC_prog.o ./CLCD_prog.o ./DIO_prog.o ./GIE_prog.o ./PORT_prog.o ./main.o   
Finished building target: LM35.elf
 
Invoking: AVR Create Extended Listing
avr-objdump -h -S LM35.elf  >"LM35.lss"
Finished building: LM35.lss
 
Create Flash image (ihex format)
avr-objcopy -R .eeprom -R .fuse -R .lock -R .signature -O ihex LM35.elf  "LM35.hex"
Finished building: LM35.hex
 
Invoking: Print Size
avr-size --format=avr --mcu=atmega32 LM35.elf
AVR Memory Usage
----------------
Device: atmega32

Program:    9626 bytes (29.4% Full)
(.text + .data + .bootloader)

Data:        274 bytes (13.4% Full)
(.data + .bss + .noinit)


Finished building: sizedummy
 

19:06:32 Build Finished (took 1s.552ms)

