09:38:09 **** Incremental Build of configuration Debug for project motor_Assignment ****
make all 
Building file: ../main.c
Invoking: AVR Compiler
avr-gcc -Wall -g2 -gstabs -O0 -fpack-struct -fshort-enums -ffunction-sections -fdata-sections -std=gnu99 -funsigned-char -funsigned-bitfields -mmcu=atmega32 -DF_CPU=8000000UL -MMD -MP -MF"main.d" -MT"main.o" -c -o "main.o" "../main.c"
In file included from ../main.c:43:
d:/sdk_win_64/sdk_win_64/sdk_win_64/winavr/lib/gcc/../../avr/include/util/delay.h:90:3: warning: #warning "Compiler optimizations disabled; functions from <util/delay.h> won't work as designed"
../main.c:63: warning: return type of 'main' is not 'int'
Finished building: ../main.c
 
Building target: motor_Assignment.elf
Invoking: AVR C Linker
avr-gcc -Wl,-Map,motor_Assignment.map -mmcu=atmega32 -o "motor_Assignment.elf"  ./CLCD_prog.o ./DIO_prog.o ./KPD_prog.o ./PORT_prog.o ./main.o   
Finished building target: motor_Assignment.elf
 
Invoking: AVR Create Extended Listing
avr-objdump -h -S motor_Assignment.elf  >"motor_Assignment.lss"
Finished building: motor_Assignment.lss
 
Create Flash image (ihex format)
avr-objcopy -R .eeprom -R .fuse -R .lock -R .signature -O ihex motor_Assignment.elf  "motor_Assignment.hex"
Finished building: motor_Assignment.hex
 
Invoking: Print Size
avr-size --format=avr --mcu=atmega32 motor_Assignment.elf
AVR Memory Usage
----------------
Device: atmega32

Program:   10446 bytes (31.9% Full)
(.text + .data + .bootloader)

Data:        210 bytes (10.3% Full)
(.data + .bss + .noinit)


Finished building: sizedummy
 

09:38:10 Build Finished (took 990ms)

