22:49:20 **** Incremental Build of configuration Debug for project relay ****
make all 
Building file: ../main.c
Invoking: AVR Compiler
avr-gcc -Wall -g2 -gstabs -O0 -fpack-struct -fshort-enums -ffunction-sections -fdata-sections -std=gnu99 -funsigned-char -funsigned-bitfields -mmcu=atmega32 -DF_CPU=8000000UL -MMD -MP -MF"main.d" -MT"main.o" -c -o "main.o" "../main.c"
In file included from ../main.c:10:
d:/sdk_win_64/sdk_win_64/sdk_win_64/winavr/lib/gcc/../../avr/include/util/delay.h:90:3: warning: #warning "Compiler optimizations disabled; functions from <util/delay.h> won't work as designed"
../main.c:19: warning: return type of 'main' is not 'int'
Finished building: ../main.c
 
Building target: relay.elf
Invoking: AVR C Linker
avr-gcc -Wl,-Map,relay.map -mmcu=atmega32 -o "relay.elf"  ./CLCD_prog.o ./DIO_prog.o ./KPD_prog.o ./PB_prog.o ./PORT_prog.o ./main.o   
Finished building target: relay.elf
 
Invoking: AVR Create Extended Listing
avr-objdump -h -S relay.elf  >"relay.lss"
Finished building: relay.lss
 
Create Flash image (ihex format)
avr-objcopy -R .eeprom -R .fuse -R .lock -R .signature -O ihex relay.elf  "relay.hex"
Finished building: relay.hex
 
Invoking: Print Size
avr-size --format=avr --mcu=atmega32 relay.elf
AVR Memory Usage
----------------
Device: atmega32

Program:    9076 bytes (27.7% Full)
(.text + .data + .bootloader)

Data:         32 bytes (1.6% Full)
(.data + .bss + .noinit)


Finished building: sizedummy
 

22:49:21 Build Finished (took 1s.366ms)

