13:06:16 **** Incremental Build of configuration Debug for project RTOS_TCB ****
make all 
Building file: ../RTOS_prog.c
Invoking: AVR Compiler
avr-gcc -Wall -g2 -gstabs -O0 -fpack-struct -fshort-enums -ffunction-sections -fdata-sections -std=gnu99 -funsigned-char -funsigned-bitfields -mmcu=atmega32 -DF_CPU=16000000UL -MMD -MP -MF"RTOS_prog.d" -MT"RTOS_prog.o" -c -o "RTOS_prog.o" "../RTOS_prog.c"
Finished building: ../RTOS_prog.c
 
Building file: ../main.c
Invoking: AVR Compiler
avr-gcc -Wall -g2 -gstabs -O0 -fpack-struct -fshort-enums -ffunction-sections -fdata-sections -std=gnu99 -funsigned-char -funsigned-bitfields -mmcu=atmega32 -DF_CPU=16000000UL -MMD -MP -MF"main.d" -MT"main.o" -c -o "main.o" "../main.c"
../main.c:22: warning: return type of 'main' is not 'int'
Finished building: ../main.c
 
Building target: RTOS_TCB.elf
Invoking: AVR C Linker
avr-gcc -Wl,-Map,RTOS_TCB.map -mmcu=atmega32 -o "RTOS_TCB.elf"  ./DIO_prog.o ./GIE_prog.o ./PORT_prog.o ./RTOS_prog.o ./TIMER_0_prog.o ./main.o   
Finished building target: RTOS_TCB.elf
 
Invoking: AVR Create Extended Listing
avr-objdump -h -S RTOS_TCB.elf  >"RTOS_TCB.lss"
Finished building: RTOS_TCB.lss
 
Create Flash image (ihex format)
avr-objcopy -R .eeprom -R .fuse -R .lock -R .signature -O ihex RTOS_TCB.elf  "RTOS_TCB.hex"
Finished building: RTOS_TCB.hex
 
Invoking: Print Size
avr-size --format=avr --mcu=atmega32 RTOS_TCB.elf
AVR Memory Usage
----------------
Device: atmega32

Program:    3320 bytes (10.1% Full)
(.text + .data + .bootloader)

Data:         34 bytes (1.7% Full)
(.data + .bss + .noinit)


Finished building: sizedummy
 

13:06:18 Build Finished (took 1s.253ms)

