06:02:09 **** Incremental Build of configuration Debug for project Simple_Calculator_Kit ****
make all 
Building file: ../PORT_prog.c
Invoking: AVR Compiler
avr-gcc -Wall -g2 -gstabs -O0 -fpack-struct -fshort-enums -ffunction-sections -fdata-sections -std=gnu99 -funsigned-char -funsigned-bitfields -mmcu=atmega32 -DF_CPU=8000000UL -MMD -MP -MF"PORT_prog.d" -MT"PORT_prog.o" -c -o "PORT_prog.o" "../PORT_prog.c"
Finished building: ../PORT_prog.c
 
Building target: Simple_Calculator_Kit.elf
Invoking: AVR C Linker
avr-gcc -Wl,-Map,Simple_Calculator_Kit.map -mmcu=atmega32 -o "Simple_Calculator_Kit.elf"  ./CLCD_prog.o ./DIO_prog.o ./KPD_prog.o ./PORT_prog.o ./main.o   
Finished building target: Simple_Calculator_Kit.elf
 
Invoking: AVR Create Extended Listing
avr-objdump -h -S Simple_Calculator_Kit.elf  >"Simple_Calculator_Kit.lss"
Finished building: Simple_Calculator_Kit.lss
 
Create Flash image (ihex format)
avr-objcopy -R .eeprom -R .fuse -R .lock -R .signature -O ihex Simple_Calculator_Kit.elf  "Simple_Calculator_Kit.hex"
Finished building: Simple_Calculator_Kit.hex
 
Invoking: Print Size
avr-size --format=avr --mcu=atmega32 Simple_Calculator_Kit.elf
AVR Memory Usage
----------------
Device: atmega32

Program:    9612 bytes (29.3% Full)
(.text + .data + .bootloader)

Data:        308 bytes (15.0% Full)
(.data + .bss + .noinit)


Finished building: sizedummy
 

06:02:10 Build Finished (took 775ms)

