08:59:40 **** Incremental Build of configuration Debug for project Simple_Calculator ****
make all 
Building file: ../main.c
Invoking: AVR Compiler
avr-gcc -Wall -g2 -gstabs -O0 -fpack-struct -fshort-enums -ffunction-sections -fdata-sections -std=gnu99 -funsigned-char -funsigned-bitfields -mmcu=atmega32 -DF_CPU=8000000UL -MMD -MP -MF"main.d" -MT"main.o" -c -o "main.o" "../main.c"
In file included from ../main.c:8:
d:/sdk_win_64/sdk_win_64/sdk_win_64/winavr/lib/gcc/../../avr/include/util/delay.h:90:3: warning: #warning "Compiler optimizations disabled; functions from <util/delay.h> won't work as designed"
../main.c:23: warning: return type of 'main' is not 'int'
Finished building: ../main.c
 
Building target: Simple_Calculator.elf
Invoking: AVR C Linker
avr-gcc -Wl,-Map,Simple_Calculator.map -mmcu=atmega32 -o "Simple_Calculator.elf"  ./CLCD_prog.o ./DIO_prog.o ./KPD_prog.o ./PORT_prog.o ./main.o   
Finished building target: Simple_Calculator.elf
 
Invoking: AVR Create Extended Listing
avr-objdump -h -S Simple_Calculator.elf  >"Simple_Calculator.lss"
Finished building: Simple_Calculator.lss
 
Create Flash image (ihex format)
avr-objcopy -R .eeprom -R .fuse -R .lock -R .signature -O ihex Simple_Calculator.elf  "Simple_Calculator.hex"
Finished building: Simple_Calculator.hex
 
Invoking: Print Size
avr-size --format=avr --mcu=atmega32 Simple_Calculator.elf
AVR Memory Usage
----------------
Device: atmega32

Program:    9608 bytes (29.3% Full)
(.text + .data + .bootloader)

Data:        308 bytes (15.0% Full)
(.data + .bss + .noinit)


Finished building: sizedummy
 

08:59:41 Build Finished (took 627ms)

