06:23:34 **** Incremental Build of configuration Debug for project SmartHome ****
make all 
Building file: ../CLCD_prog.c
Invoking: AVR Compiler
avr-gcc -Wall -g2 -gstabs -O0 -fpack-struct -fshort-enums -ffunction-sections -fdata-sections -std=gnu99 -funsigned-char -funsigned-bitfields -mmcu=atmega32 -DF_CPU=8000000UL -MMD -MP -MF"CLCD_prog.d" -MT"CLCD_prog.o" -c -o "CLCD_prog.o" "../CLCD_prog.c"
In file included from ../CLCD_prog.c:10:
d:/sdk_win_64/sdk_win_64/sdk_win_64/winavr/lib/gcc/../../avr/include/util/delay.h:90:3: warning: #warning "Compiler optimizations disabled; functions from <util/delay.h> won't work as designed"
Finished building: ../CLCD_prog.c
 
Building target: SmartHome.elf
Invoking: AVR C Linker
avr-gcc -Wl,-Map,SmartHome.map -mmcu=atmega32 -o "SmartHome.elf"  ./ADC_prog.o ./CLCD_prog.o ./DIO_prog.o ./GIE_prog.o ./KPD_prog.o ./PORT_prog.o ./SSD_prog.o ./main.o   
Finished building target: SmartHome.elf
 
Invoking: AVR Create Extended Listing
avr-objdump -h -S SmartHome.elf  >"SmartHome.lss"
Finished building: SmartHome.lss
 
Create Flash image (ihex format)
avr-objcopy -R .eeprom -R .fuse -R .lock -R .signature -O ihex SmartHome.elf  "SmartHome.hex"
Finished building: SmartHome.hex
 
Invoking: Print Size
avr-size --format=avr --mcu=atmega32 SmartHome.elf
AVR Memory Usage
----------------
Device: atmega32

Program:   12708 bytes (38.8% Full)
(.text + .data + .bootloader)

Data:        356 bytes (17.4% Full)
(.data + .bss + .noinit)


Finished building: sizedummy
 

06:23:35 Build Finished (took 1s.223ms)

