23:41:16 **** Incremental Build of configuration Debug for project SPI_SLAVE ****
make all 
Building file: ../main.c
Invoking: AVR Compiler
avr-gcc -Wall -g2 -gstabs -O0 -fpack-struct -fshort-enums -ffunction-sections -fdata-sections -std=gnu99 -funsigned-char -funsigned-bitfields -mmcu=atmega32 -DF_CPU=8000000UL -MMD -MP -MF"main.d" -MT"main.o" -c -o "main.o" "../main.c"
In file included from ../main.c:10:
d:/sdk_win_64/sdk_win_64/sdk_win_64/winavr/lib/gcc/../../avr/include/util/delay.h:90:3: warning: #warning "Compiler optimizations disabled; functions from <util/delay.h> won't work as designed"
../main.c:17: warning: return type of 'main' is not 'int'
Finished building: ../main.c
 
Building target: SPI_SLAVE.elf
Invoking: AVR C Linker
avr-gcc -Wl,-Map,SPI_SLAVE.map -mmcu=atmega32 -o "SPI_SLAVE.elf"  ./DIO_prog.o ./PORT_prog.o ./SPI_prog.o ./main.o   
Finished building target: SPI_SLAVE.elf
 
Invoking: AVR Create Extended Listing
avr-objdump -h -S SPI_SLAVE.elf  >"SPI_SLAVE.lss"
Finished building: SPI_SLAVE.lss
 
Create Flash image (ihex format)
avr-objcopy -R .eeprom -R .fuse -R .lock -R .signature -O ihex SPI_SLAVE.elf  "SPI_SLAVE.hex"
Finished building: SPI_SLAVE.hex
 
Invoking: Print Size
avr-size --format=avr --mcu=atmega32 SPI_SLAVE.elf
AVR Memory Usage
----------------
Device: atmega32

Program:    4766 bytes (14.5% Full)
(.text + .data + .bootloader)

Data:          8 bytes (0.4% Full)
(.data + .bss + .noinit)


Finished building: sizedummy
 

23:41:17 Build Finished (took 1s.88ms)

