09:33:15 **** Incremental Build of configuration Debug for project SW_ICU ****
make all 
Building file: ../main.c
Invoking: AVR Compiler
avr-gcc -Wall -g2 -gstabs -O0 -fpack-struct -fshort-enums -ffunction-sections -fdata-sections -std=gnu99 -funsigned-char -funsigned-bitfields -mmcu=atmega32 -DF_CPU=8000000UL -MMD -MP -MF"main.d" -MT"main.o" -c -o "main.o" "../main.c"
In file included from ../main.c:8:
d:/sdk_win_64/sdk_win_64/sdk_win_64/winavr/lib/gcc/../../avr/include/util/delay.h:90:3: warning: #warning "Compiler optimizations disabled; functions from <util/delay.h> won't work as designed"
../main.c:28: warning: return type of 'main' is not 'int'
Finished building: ../main.c
 
Building target: SW_ICU.elf
Invoking: AVR C Linker
avr-gcc -Wl,-Map,SW_ICU.map -mmcu=atmega32 -o "SW_ICU.elf"  ./CLCD_prog.o ./DIO_prog.o ./EXTI_prog.o ./GIE_prog.o ./PORT_prog.o ./TIMER_prog.o ./main.o   
Finished building target: SW_ICU.elf
 
Invoking: AVR Create Extended Listing
avr-objdump -h -S SW_ICU.elf  >"SW_ICU.lss"
Finished building: SW_ICU.lss
 
Create Flash image (ihex format)
avr-objcopy -R .eeprom -R .fuse -R .lock -R .signature -O ihex SW_ICU.elf  "SW_ICU.hex"
Finished building: SW_ICU.hex
 
Invoking: Print Size
avr-size --format=avr --mcu=atmega32 SW_ICU.elf
AVR Memory Usage
----------------
Device: atmega32

Program:   11098 bytes (33.9% Full)
(.text + .data + .bootloader)

Data:        309 bytes (15.1% Full)
(.data + .bss + .noinit)


Finished building: sizedummy
 

09:33:16 Build Finished (took 1s.359ms)

