21:48:36 **** Incremental Build of configuration Debug for project Timer_version1_Kit ****
make all 
Building file: ../TIMER_prog.c
Invoking: AVR Compiler
avr-gcc -Wall -g2 -gstabs -O0 -fpack-struct -fshort-enums -ffunction-sections -fdata-sections -std=gnu99 -funsigned-char -funsigned-bitfields -mmcu=atmega32 -DF_CPU=8000000UL -MMD -MP -MF"TIMER_prog.d" -MT"TIMER_prog.o" -c -o "TIMER_prog.o" "../TIMER_prog.c"
Finished building: ../TIMER_prog.c
 
Building file: ../main.c
Invoking: AVR Compiler
avr-gcc -Wall -g2 -gstabs -O0 -fpack-struct -fshort-enums -ffunction-sections -fdata-sections -std=gnu99 -funsigned-char -funsigned-bitfields -mmcu=atmega32 -DF_CPU=8000000UL -MMD -MP -MF"main.d" -MT"main.o" -c -o "main.o" "../main.c"
In file included from ../main.c:8:
d:/sdk_win_64/sdk_win_64/sdk_win_64/winavr/lib/gcc/../../avr/include/util/delay.h:90:3: warning: #warning "Compiler optimizations disabled; functions from <util/delay.h> won't work as designed"
../main.c:27: warning: return type of 'main' is not 'int'
Finished building: ../main.c
 
Building target: Timer_version1_Kit.elf
Invoking: AVR C Linker
avr-gcc -Wl,-Map,Timer_version1_Kit.map -mmcu=atmega32 -o "Timer_version1_Kit.elf"  ./CLCD_prog.o ./DIO_prog.o ./EXTI_prog.o ./GIE_prog.o ./KPD_prog.o ./PORT_prog.o ./SSD_prog.o ./TIMER_prog.o ./main.o   
Finished building target: Timer_version1_Kit.elf
 
Invoking: AVR Create Extended Listing
avr-objdump -h -S Timer_version1_Kit.elf  >"Timer_version1_Kit.lss"
Finished building: Timer_version1_Kit.lss
 
Create Flash image (ihex format)
avr-objcopy -R .eeprom -R .fuse -R .lock -R .signature -O ihex Timer_version1_Kit.elf  "Timer_version1_Kit.hex"
Finished building: Timer_version1_Kit.hex
 
Invoking: Print Size
avr-size --format=avr --mcu=atmega32 Timer_version1_Kit.elf
AVR Memory Usage
----------------
Device: atmega32

Program:   14012 bytes (42.8% Full)
(.text + .data + .bootloader)

Data:        338 bytes (16.5% Full)
(.data + .bss + .noinit)


Finished building: sizedummy
 

21:48:38 Build Finished (took 2s.89ms)

