20:36:25 **** Incremental Build of configuration Debug for project TIMER_0 ****
make all 
Building file: ../main.c
Invoking: AVR Compiler
avr-gcc -Wall -g2 -gstabs -O0 -fpack-struct -fshort-enums -ffunction-sections -fdata-sections -std=gnu99 -funsigned-char -funsigned-bitfields -mmcu=atmega32 -DF_CPU=8000000UL -MMD -MP -MF"main.d" -MT"main.o" -c -o "main.o" "../main.c"
In file included from ../main.c:4:
d:/sdk_win_64/sdk_win_64/sdk_win_64/winavr/lib/gcc/../../avr/include/util/delay.h:90:3: warning: #warning "Compiler optimizations disabled; functions from <util/delay.h> won't work as designed"
../main.c:21: warning: return type of 'main' is not 'int'
Finished building: ../main.c
 
Building target: TIMER_0.elf
Invoking: AVR C Linker
avr-gcc -Wl,-Map,TIMER_0.map -mmcu=atmega32 -o "TIMER_0.elf"  ./CLCD_prog.o ./DIO_prog.o ./GIE_prog.o ./PORT_prog.o ./TIMER_0_prog.o ./main.o   
Finished building target: TIMER_0.elf
 
Invoking: AVR Create Extended Listing
avr-objdump -h -S TIMER_0.elf  >"TIMER_0.lss"
Finished building: TIMER_0.lss
 
Create Flash image (ihex format)
avr-objcopy -R .eeprom -R .fuse -R .lock -R .signature -O ihex TIMER_0.elf  "TIMER_0.hex"
Finished building: TIMER_0.hex
 
Invoking: Print Size
avr-size --format=avr --mcu=atmega32 TIMER_0.elf
AVR Memory Usage
----------------
Device: atmega32

Program:    9728 bytes (29.7% Full)
(.text + .data + .bootloader)

Data:        269 bytes (13.1% Full)
(.data + .bss + .noinit)


Finished building: sizedummy
 

20:36:26 Build Finished (took 613ms)

