10:04:45 **** Incremental Build of configuration Debug for project TWI ****
make all 
Building file: ../main.c
Invoking: AVR Compiler
avr-gcc -Wall -g2 -gstabs -O0 -fpack-struct -fshort-enums -ffunction-sections -fdata-sections -std=gnu99 -funsigned-char -funsigned-bitfields -mmcu=atmega32 -DF_CPU=16000000UL -MMD -MP -MF"main.d" -MT"main.o" -c -o "main.o" "../main.c"
In file included from ../main.c:10:
d:/sdk_win_64/sdk_win_64/sdk_win_64/winavr/lib/gcc/../../avr/include/util/delay.h:90:3: warning: #warning "Compiler optimizations disabled; functions from <util/delay.h> won't work as designed"
../main.c:18: warning: return type of 'main' is not 'int'
Finished building: ../main.c
 
Building target: TWI.elf
Invoking: AVR C Linker
avr-gcc -Wl,-Map,TWI.map -mmcu=atmega32 -o "TWI.elf"  ./DIO_prog.o ./EEPROM24C08_prog.o ./PORT_prog.o ./TWI_prog.o ./main.o   
Finished building target: TWI.elf
 
Invoking: AVR Create Extended Listing
avr-objdump -h -S TWI.elf  >"TWI.lss"
Finished building: TWI.lss
 
Create Flash image (ihex format)
avr-objcopy -R .eeprom -R .fuse -R .lock -R .signature -O ihex TWI.elf  "TWI.hex"
Finished building: TWI.hex
 
Invoking: Print Size
avr-size --format=avr --mcu=atmega32 TWI.elf
AVR Memory Usage
----------------
Device: atmega32

Program:    5430 bytes (16.6% Full)
(.text + .data + .bootloader)

Data:          8 bytes (0.4% Full)
(.data + .bss + .noinit)


Finished building: sizedummy
 

10:04:46 Build Finished (took 623ms)

