11:49:08 **** Incremental Build of configuration Debug for project UART ****
make all 
Building file: ../UART.c
Invoking: AVR Compiler
avr-gcc -Wall -g2 -gstabs -O0 -fpack-struct -fshort-enums -ffunction-sections -fdata-sections -std=gnu99 -funsigned-char -funsigned-bitfields -mmcu=atmega32 -DF_CPU=8000000UL -MMD -MP -MF"UART.d" -MT"UART.o" -c -o "UART.o" "../UART.c"
Finished building: ../UART.c
 
Building target: UART.elf
Invoking: AVR C Linker
avr-gcc -Wl,-Map,UART.map -mmcu=atmega32 -o "UART.elf"  ./CLCD_prog.o ./DIO_prog.o ./GIE_prog.o ./PORT_prog.o ./UART.o ./main.o   
Finished building target: UART.elf
 
Invoking: AVR Create Extended Listing
avr-objdump -h -S UART.elf  >"UART.lss"
Finished building: UART.lss
 
Create Flash image (ihex format)
avr-objcopy -R .eeprom -R .fuse -R .lock -R .signature -O ihex UART.elf  "UART.hex"
Finished building: UART.hex
 
Invoking: Print Size
avr-size --format=avr --mcu=atmega32 UART.elf
AVR Memory Usage
----------------
Device: atmega32

Program:   10610 bytes (32.4% Full)
(.text + .data + .bootloader)

Data:        280 bytes (13.7% Full)
(.data + .bss + .noinit)


Finished building: sizedummy
 

11:49:09 Build Finished (took 675ms)

